<?xml version="1.0" encoding="UTF-8"?>
<!-- Generated by org.testng.reporters.JUnitReportReporter -->
<testsuite skipped="0" hostname="phxm-3Z0MD6R.local" name="FirstTest" tests="1" failures="0" timestamp="2022-07-11T16:07:11 MST" time="15.609" errors="0">
  <testcase name="myFirstTest" time="15.609" classname="FirstTest"/>
</testsuite> <!-- FirstTest -->
